255400	"Tuple{getfield(Base, Symbol("##open#296")), Base.Iterators.Pairs{Union{}, Union{}, Tuple{}, NamedTuple{(), Tuple{}}}, Function, getfield(Base, Symbol("##641#642")){String}, String}"
231900	"Tuple{getfield(Base, Symbol("##open#296")), Base.Iterators.Pairs{Union{}, Union{}, Tuple{}, NamedTuple{(), Tuple{}}}, Function, getfield(Base, Symbol("##647#648")){String, Base.PkgId}, String}"
2090700	"Tuple{typeof(Base.create_expr_cache), String, String, Array{Base.Pair{Base.PkgId, UInt64}, 1}, Base.UUID}"
843900	"Tuple{getfield(Base.Filesystem, Symbol("##chmod#16")), Bool, Function, String, UInt16}"
138400	"Tuple{Type{NamedTuple{(:stderr,), T} where T<:Tuple}, Tuple{Base.PipeEndpoint}}"
177300	"Tuple{getfield(Base, Symbol("#kw##pipeline")), NamedTuple{(:stderr,), Tuple{Base.PipeEndpoint}}, typeof(Base.pipeline), Base.Cmd}"
203100	"Tuple{getfield(Base, Symbol("##pipeline#490")), Nothing, Nothing, Base.PipeEndpoint, Bool, Function, Base.Cmd}"
1040699	"Tuple{typeof(Base.open), Base.CmdRedirect, String, Base.PipeEndpoint}"
333799	"Tuple{getfield(Base, Symbol("##open#504")), Bool, Bool, Function, Base.CmdRedirect, Base.PipeEndpoint}"
137600	"Tuple{typeof(Base._spawn), Base.CmdRedirect, Tuple{Base.Pipe, Base.PipeEndpoint, Base.PipeEndpoint}}"
335100	"Tuple{getfield(Base, Symbol("##_spawn#491")), Nothing, Function, Base.CmdRedirect, Tuple{Base.Pipe, Base.PipeEndpoint, Base.PipeEndpoint}}"
196201	"Tuple{getfield(Base, Symbol("#kw##_spawn")), NamedTuple{(:chain,), Tuple{Nothing}}, typeof(Base._spawn), Base.Cmd, Tuple{Base.Pipe, Base.PipeEndpoint, Base.PipeEndpoint}}"
2209700	"Tuple{typeof(Base.setup_stdio), getfield(Base, Symbol("##495#496")){Base.Cmd, Base.Process}, Tuple{Base.Pipe, Base.PipeEndpoint, Base.PipeEndpoint}}"
53299	"Tuple{getfield(Base, Symbol("##_spawn#494")), Nothing, Function, Base.Cmd, Tuple{Base.Pipe, Base.PipeEndpoint, Base.PipeEndpoint}}"
113000	"Tuple{typeof(Base.show), Base.GenericIOBuffer{Array{UInt8, 1}}, Array{String, 1}}"
789401	"Tuple{typeof(Base.show_circular), Base.IOContext{Base.GenericIOBuffer{Array{UInt8, 1}}}, Any}"
180301	"Tuple{typeof(Base.write), Base.Pipe, String}"
100500	"Tuple{typeof(Base.print), Base.GenericIOBuffer{Array{UInt8, 1}}, Base.UUID}"
399100	"Tuple{getfield(Base, Symbol("##sprint#326")), Nothing, Int64, Function, Function, UInt64}"
230899	"Tuple{typeof(Base.show), Base.GenericIOBuffer{Array{UInt8, 1}}, UInt64}"
328201	"Tuple{getfield(Base, Symbol("##string#307")), Int64, Int64, Function, UInt64}"
158000	"Tuple{typeof(Base.write), Base.Process, String}"
143100	"Tuple{typeof(Base.unsafe_write), Base.Pipe, Ptr{UInt8}, UInt64}"
1040400	"Tuple{typeof(Base.show_delim_array), Base.GenericIOBuffer{Array{UInt8, 1}}, Tuple{UInt64, UInt64}, Char, Char, Char, Bool, Int64, Int64}"
95899	"Tuple{typeof(Base.print), Base.GenericIOBuffer{Array{UInt8, 1}}, Tuple{UInt64, UInt64}}"
163199	"Tuple{typeof(Base.repr), String}"
92300	"Tuple{typeof(Base.close), Base.Pipe}"
303600	"Tuple{getfield(Base, Symbol("##open#296")), Base.Iterators.Pairs{Union{}, Union{}, Tuple{}, NamedTuple{(), Tuple{}}}, Function, getfield(Base, Symbol("##653#654")), String, Vararg{String, N} where N}"
848000	"Tuple{getfield(Base, Symbol("##open#295")), Bool, Nothing, Nothing, Nothing, Bool, Function, String}"
439601	"Tuple{getfield(Base, Symbol("##read#300")), Bool, Function, Base.IOStream, Int32}"
366501	"Tuple{getfield(Base, Symbol("##open#296")), Base.Iterators.Pairs{Union{}, Union{}, Tuple{}, NamedTuple{(), Tuple{}}}, Function, getfield(Base, Symbol("##645#646")){String, Base.UUID, String}, String}"
328800	"Tuple{typeof(Base.isassigned), Core.SimpleVector, Int64}"
229699	"Tuple{typeof(Requires.__init__)}"
445800	"Tuple{typeof(Requires.loadpkg), Base.PkgId}"
608800	"Tuple{typeof(Base.ht_keyindex), Base.Dict{Base.PkgId, Array{Function, 1}}, Base.PkgId}"
484900	"Tuple{typeof(Requires.listenpkg), Any, Base.PkgId}"
106501	"Tuple{typeof(MatLang.__init__)}"
2105501	"Tuple{typeof(Base.rehash!), Base.Dict{Base.PkgId, Array{Function, 1}}, Int64}"
261900	"Tuple{typeof(Base.ht_keyindex2!), Base.Dict{Base.PkgId, Array{Function, 1}}, Base.PkgId}"
565500	"Tuple{typeof(Base.copyto!), Base.IndexLinear, Array{Function, 1}, Base.IndexLinear, Array{Any, 1}}"
226500	"Tuple{typeof(Base.get!), getfield(Requires, Symbol("##1#2")), Base.Dict{Base.PkgId, Array{Function, 1}}, Base.PkgId}"
258500	"Tuple{typeof(Base.push!), Array{Function, 1}, Function}"
109800	"Tuple{getfield(Base, Symbol("#@__DIR__")), LineNumberNode, Module}"
728399	"Tuple{typeof(Base.Filesystem.splitdrive), String}"
342901	"Tuple{typeof(Base.Filesystem.splitdir), String}"
24300	"Tuple{typeof(Base.Filesystem.dirname), String}"
1256599	"Tuple{typeof(Base.Filesystem.normpath), String}"
1314901	"Tuple{typeof(Base.Filesystem.joinpath), String, String}"
28800	"Tuple{typeof(Base.Filesystem.abspath), String}"
107300	"Tuple{typeof(Base.Filesystem.joinpath), String, String, String}"
821000	"Tuple{typeof(Base._include_dependency), Module, String}"
496800	"Tuple{typeof(Base.include_relative), Module, String}"
29400	"Tuple{typeof(Base.include), Module, String}"
3125400	"Tuple{typeof(Base.isfile_casesensitive), String}"
220800	"Tuple{typeof(Base.active_project), Bool}"
675900	"Tuple{typeof(Base.current_project), String}"
48800	"Tuple{typeof(Base.current_project)}"
690000	"Tuple{typeof(Base.load_path_expand), String}"
171600	"Tuple{typeof(Base.load_path)}"
299100	"Tuple{typeof(Base.env_project_file), String}"
251700	"Tuple{typeof(Base.explicit_project_deps_get), String, String}"
861900	"Tuple{typeof(Base.project_file_name_uuid_path), String, String}"
354499	"Tuple{typeof(Base.implicit_project_deps_get), String, String}"
137901	"Tuple{typeof(Base.identify_package), String}"
776799	"Tuple{typeof(Base.explicit_manifest_deps_get), String, Base.UUID, String}"
1062901	"Tuple{typeof(Base.implicit_manifest_deps_get), String, Base.PkgId, String}"
145800	"Tuple{typeof(Base.manifest_deps_get), String, Base.PkgId, String}"
183999	"Tuple{typeof(Base.identify_package), Base.PkgId, String}"
3379000	"Tuple{typeof(Base.implicit_manifest_uuid_path), String, Base.PkgId}"
599001	"Tuple{typeof(Base.manifest_uuid_path), String, Base.PkgId}"
139699	"Tuple{typeof(Base.entry_path), String, String}"
179101	"Tuple{typeof(Base.locate_package), Base.PkgId}"
1584200	"Tuple{typeof(Base.cache_file_entry), Base.PkgId}"
182900	"Tuple{typeof(Base.find_all_in_cache_path), Base.PkgId}"
6751800	"Tuple{typeof(Base.stale_cachefile), String, String}"
1578399	"Tuple{typeof(Base._tryrequire_from_serialized), Base.PkgId, UInt64, String}"
589701	"Tuple{typeof(Base._require_search_from_serialized), Base.PkgId, String}"
2723400	"Tuple{typeof(Base.julia_cmd)}"
1234000	"Tuple{typeof(Base.collect_to!), Array{String, 1}, Base.Generator{Array{String, 1}, typeof(Base.Filesystem.abspath)}, Int64, Int64}"
77800	"Tuple{typeof(Base._collect), Array{String, 1}, Base.Generator{Array{String, 1}, typeof(Base.Filesystem.abspath)}, Base.EltypeUnknown, Base.HasShape{1}}"
352099	"Tuple{typeof(Base.load_path_setup_code), Bool}"
658601	"Tuple{typeof(Base.create_expr_cache), String, String, Array{Base.Pair{Base.PkgId, UInt64}, 1}, Nothing}"
1187399	"Tuple{typeof(Base.compilecache), Base.PkgId, String}"
1833600	"Tuple{typeof(Base._tryrequire_from_serialized), Base.PkgId, UInt64, Nothing}"
172801	"Tuple{typeof(Base._require_from_serialized), String}"
865400	"Tuple{typeof(Base._require), Base.PkgId}"
179299	"Tuple{typeof(Base.require), Base.PkgId}"
388901	"Tuple{typeof(Base.require), Module, Symbol}"
2213100	"Tuple{getfield(Base, Symbol("##643#644")){String, String}, Base.IOStream}"
178200	"Tuple{getfield(Base, Symbol("##open#296")), Base.Iterators.Pairs{Union{}, Union{}, Tuple{}, NamedTuple{(), Tuple{}}}, Function, getfield(Base, Symbol("##643#644")){String, String}, String}"
124700	"Tuple{typeof(MatLang.clcM)}"
3687000	"Tuple{typeof(Base.unsafe_write), Base.PipeEndpoint, Ptr{UInt8}, UInt64}"
34800	"Tuple{typeof(Base.unsafe_write), Base.PipeEndpoint, Base.RefValue{UInt8}, Int64}"
73100	"Tuple{typeof(Base.write), Base.PipeEndpoint, UInt8}"
292399	"Tuple{typeof(Base.print), Base.PipeEndpoint, String, Char}"
24800	"Tuple{typeof(Base.println), Base.PipeEndpoint, String}"
451200	"Tuple{typeof(Base.fill!), Array{Float64, 2}, Float64}"
39600	"Tuple{typeof(MatLang.zerosM), Symbol, Int64}"
143900	"Tuple{typeof(MatLang.zerosM), Type{T} where T, Int64, Int64}"
361699	"Tuple{typeof(Base.fill!), Array{Int32, 2}, Int32}"
28800	"Tuple{typeof(Base.zeros), Type{Int32}, Int64, Int64}"
88400	"Tuple{Type{NamedTuple{(:like,), T} where T<:Tuple}, Tuple{Array{Int32, 2}}}"
230600	"Tuple{getfield(MatLang, Symbol("#kw##zerosM")), NamedTuple{(:like,), Tuple{Array{Int32, 2}}}, typeof(MatLang.zerosM), Symbol, Int64}"
631301	"Tuple{typeof(Base.hcat), Int64, Int64, Int64}"
102700	"Tuple{Type{NamedTuple{(:like,), T} where T<:Tuple}, Tuple{Array{Int64, 2}}}"
206201	"Tuple{getfield(MatLang, Symbol("#kw##zerosM")), NamedTuple{(:like,), Tuple{Array{Int64, 2}}}, typeof(MatLang.zerosM), Int64}"
141900	"Tuple{typeof(MatLang.zerosM), Int64}"
151900	"Tuple{typeof(MatLang.zerosM), Tuple{Int64, Int64}}"
129299	"Tuple{typeof(MatLang.zerosM), Type{T} where T, Tuple{Int64, Int64}}"
125499	"Tuple{typeof(Base.zeros), Type{Int32}, Tuple{Int64, Int64}}"
115000	"Tuple{typeof(MatLang.zerosM), Array{Int64, 1}}"
502200	"Tuple{typeof(Base.fill!), Array{Float64, 0}, Float64}"
136000	"Tuple{getfield(MatLang, Symbol("##zerosM#5")), Array{Float64, 1}, Function, Array{Int64, 1}}"
138500	"Tuple{typeof(Base.zeros), Type{Float64}, Tuple{Int64, Int64}}"
483800	"Tuple{typeof(Base.fill!), Array{Int32, 0}, Int32}"
122200	"Tuple{typeof(MatLang.zerosM), Type{Int32}, Array{Int64, 1}}"
592501	"Tuple{typeof(Base.hcat), Float64, Float64}"
83601	"Tuple{Type{NamedTuple{(:like,), T} where T<:Tuple}, Tuple{Array{Float64, 2}}}"
147100	"Tuple{getfield(MatLang, Symbol("#kw##zerosM")), NamedTuple{(:like,), Tuple{Array{Float64, 2}}}, typeof(MatLang.zerosM), Array{Int64, 1}}"
397100	"Tuple{getfield(MatLang, Symbol("##zerosM#5")), Array{Float64, 2}, Function, Array{Int64, 1}}"
186599	"Tuple{typeof(MatLang.onesM), Symbol, Int64}"
106900	"Tuple{typeof(MatLang.onesM), Type{T} where T, Int64, Int64}"
147201	"Tuple{typeof(Base.ones), Type{Int32}, Int64, Int64}"
212699	"Tuple{getfield(MatLang, Symbol("#kw##onesM")), NamedTuple{(:like,), Tuple{Array{Int32, 2}}}, typeof(MatLang.onesM), Symbol, Int64}"
192900	"Tuple{getfield(MatLang, Symbol("#kw##onesM")), NamedTuple{(:like,), Tuple{Array{Int64, 2}}}, typeof(MatLang.onesM), Int64}"
138699	"Tuple{typeof(MatLang.onesM), Int64}"
149600	"Tuple{typeof(MatLang.onesM), Tuple{Int64, Int64}}"
124399	"Tuple{typeof(MatLang.onesM), Type{T} where T, Tuple{Int64, Int64}}"
122200	"Tuple{typeof(Base.ones), Type{Int32}, Tuple{Int64, Int64}}"
160100	"Tuple{typeof(MatLang.onesM), Array{Int64, 1}}"
440400	"Tuple{getfield(MatLang, Symbol("##onesM#11")), Array{Float64, 1}, Function, Array{Int64, 1}}"
132700	"Tuple{typeof(Base.ones), Type{Float64}, Tuple{Int64, Int64}}"
401700	"Tuple{typeof(MatLang.onesM), Type{Int32}, Array{Int64, 1}}"
154000	"Tuple{getfield(MatLang, Symbol("#kw##onesM")), NamedTuple{(:like,), Tuple{Array{Float64, 2}}}, typeof(MatLang.onesM), Array{Int64, 1}}"
390600	"Tuple{getfield(MatLang, Symbol("##onesM#11")), Array{Float64, 2}, Function, Array{Int64, 1}}"
1539199	"Tuple{typeof(Random._rand_max383!), Random.MersenneTwister, Random.UnsafeView{Float64}, Random.CloseOpen01{Float64}}"
361401	"Tuple{typeof(Random.DSFMT.dsfmt_fill_array_close_open!), Random.DSFMT.DSFMT_state, Ptr{Float64}, Int64}"
239900	"Tuple{typeof(Random.rand!), Random.MersenneTwister, Random.UnsafeView{Float64}, Random.SamplerTrivial{Random.CloseOpen01{Float64}, Float64}}"
75300	"Tuple{typeof(MatLang.randM), Symbol, Int64}"
134799	"Tuple{typeof(MatLang.randM), Type{T} where T, Int64, Int64}"
1121000	"Tuple{typeof(Random.rand!), Random.MersenneTwister, Random.UnsafeView{Int32}, Random.SamplerType{Int32}}"
51399	"Tuple{typeof(Base.rand), Type{Int32}, Int64, Int64}"
296600	"Tuple{getfield(MatLang, Symbol("#kw##randM")), NamedTuple{(:like,), Tuple{Array{Int32, 2}}}, typeof(MatLang.randM), Symbol, Int64}"
776800	"Tuple{typeof(Random.rand!), Random.MersenneTwister, Random.UnsafeView{Int64}, Random.SamplerType{Int64}}"
48600	"Tuple{getfield(MatLang, Symbol("#kw##randM")), NamedTuple{(:like,), Tuple{Array{Int64, 2}}}, typeof(MatLang.randM), Int64}"
290700	"Tuple{typeof(MatLang.randM), Int64}"
270599	"Tuple{typeof(MatLang.randM), Tuple{Int64, Int64}}"
117100	"Tuple{typeof(MatLang.randM), Type{T} where T, Tuple{Int64, Int64}}"
174899	"Tuple{typeof(Base.rand), Type{Int32}, Tuple{Int64, Int64}}"
143100	"Tuple{typeof(MatLang.randM), Array{Int64, 1}}"
387001	"Tuple{getfield(MatLang, Symbol("##randM#17")), Array{Float64, 1}, Function, Array{Int64, 1}}"
246200	"Tuple{typeof(Base.rand), Type{Float64}, Tuple{Int64, Int64}}"
351501	"Tuple{typeof(MatLang.randM), Type{Int32}, Array{Int64, 1}}"
159800	"Tuple{getfield(MatLang, Symbol("#kw##randM")), NamedTuple{(:like,), Tuple{Array{Float64, 2}}}, typeof(MatLang.randM), Array{Int64, 1}}"
332301	"Tuple{getfield(MatLang, Symbol("##randM#17")), Array{Float64, 2}, Function, Array{Int64, 1}}"
288700	"Tuple{typeof(MatLang.trueM), Symbol, Int64}"
270701	"Tuple{typeof(MatLang.trueM), Int64}"
299501	"Tuple{typeof(MatLang.trueM), Tuple{Int64, Int64}}"
609101	"Tuple{typeof(Base.setproperty!), Base.BitArray{0}, Symbol, Tuple{}}"
124799	"Tuple{typeof(Base.trues), Tuple{}}"
113601	"Tuple{typeof(MatLang.trueM), Array{Int64, 1}}"
283800	"Tuple{typeof(Base.trues), Tuple{Int64, Int64}}"
173400	"Tuple{typeof(MatLang.falseM), Symbol, Int64}"
151200	"Tuple{typeof(MatLang.falseM), Int64}"
179000	"Tuple{typeof(MatLang.falseM), Tuple{Int64, Int64}}"
1908800	"Tuple{typeof(MatLang.falseM), Array{Int64, 1}}"
154601	"Tuple{typeof(Base.falses), Tuple{Int64, Int64}}"
545400	"Tuple{typeof(Base.fill!), Array{Int64, 2}, Int64}"
288200	"Tuple{Type{Array{Int64, 2}}, LinearAlgebra.UniformScaling{Bool}, Tuple{Int64, Int64}}"
69700	"Tuple{typeof(MatLang.eyeM), Int64}"
191499	"Tuple{typeof(MatLang.eyeM), Int64, Int64}"
112300	"Tuple{typeof(MatLang.eyeM), Type{T} where T, Int64, Int64}"
487999	"Tuple{Type{Array{Int32, 2}}, LinearAlgebra.UniformScaling{Bool}, Tuple{Int64, Int64}}"
35101	"Tuple{Type{Array{Int32, 2}}, LinearAlgebra.UniformScaling{Bool}, Int64, Int64}"
360201	"Tuple{typeof(Base.zeros), Type{Int8}, Int64, Int64}"
81501	"Tuple{Type{NamedTuple{(:like,), T} where T<:Tuple}, Tuple{Array{Int8, 2}}}"
815300	"Tuple{Type{Array{Int8, 2}}, LinearAlgebra.UniformScaling{Bool}, Tuple{Int64, Int64}}"
77499	"Tuple{getfield(MatLang, Symbol("#kw##eyeM")), NamedTuple{(:like,), Tuple{Array{Int8, 2}}}, typeof(MatLang.eyeM), Int64, Int64}"
125500	"Tuple{typeof(MatLang.eyeM), Tuple{Int64, Int64}}"
163300	"Tuple{typeof(MatLang.eyeM), Type{T} where T, Tuple{Int64, Int64}}"
102801	"Tuple{typeof(MatLang.eyeM), Array{Int64, 1}}"
364400	"Tuple{typeof(MatLang.eyeM), Type{T} where T, Array{Int64, 1}}"
290399	"Tuple{typeof(Base.ones), Int64, Int64}"
118700	"Tuple{typeof(Base.size), Array{Float64, 2}}"
1042699	"Tuple{typeof(Base.mapfoldl_impl), getfield(LinearAlgebra, Symbol("##25#27")), typeof(Base.max), NamedTuple{(:init,), Tuple{Int64}}, Tuple{Base.Pair{Int64, Array{Int64, 1}}}, Int64}"
587601	"Tuple{typeof(Base.throw_boundserror), Base.StepRange{Int64, Int64}, Int64}"
154000	"Tuple{typeof(LinearAlgebra.diagm), Base.Pair{Int64, Array{Int64, 1}}}"
41900	"Tuple{typeof(MatLang.diagM), Array{Int64, 1}}"
61901	"Tuple{typeof(Base.promote_type), Type{T} where T}"
107400	"Tuple{typeof(MatLang.diagM), Array{Int64, 1}, Int64}"
440500	"Tuple{typeof(Base.hvcat), Tuple{Int64, Int64, Int64}, Int64, Vararg{Int64, N} where N}"
910999	"Tuple{typeof(Base.getindex), Array{Int64, 2}, Base.StepRange{Int64, Int64}}"
112401	"Tuple{typeof(LinearAlgebra.diag), Array{Int64, 2}, Int64}"
20599	"Tuple{typeof(MatLang.diagM), Array{Int64, 2}}"
82200	"Tuple{typeof(MatLang.diagM), Array{Int64, 2}, Int64}"
2498799	"Tuple{typeof(Base.throw_boundserror), Base.Broadcast.Broadcasted{Nothing, Tuple{Base.OneTo{Int64}, Base.OneTo{Int64}}, typeof(Base.:(*)), Tuple{Int64, Base.Broadcast.Extruded{Array{Float64, 2}, Tuple{Bool, Bool}, Tuple{Int64, Int64}}}}, Tuple{Base.IteratorsMD.CartesianIndex{2}}}"
273701	"Tuple{typeof(Base.Broadcast.throwdm), Tuple{Base.OneTo{Int64}, Base.OneTo{Int64}}, Tuple{Base.OneTo{Int64}, Base.OneTo{Int64}}}"
116200	"Tuple{typeof(Base.Broadcast.broadcast), typeof(Base.:(*)), Int64, Array{Float64, 2}}"
26400	"Tuple{typeof(Base.:(*)), Int64, Array{Float64, 2}}"
306701	"Tuple{typeof(Base.rand), Int64, Int64}"
129400	"Tuple{typeof(Core.Compiler.getindex), Tuple{typeof(Base.:(<))}, Int64}"
112100	"Tuple{typeof(Core.Compiler.getindex), Tuple{typeof(Base.:(<=))}, Int64}"
115500	"Tuple{typeof(Core.Compiler.getindex), Tuple{typeof(Base.size)}, Int64}"
1311300	"Tuple{typeof(Base.mapreduce_impl), getfield(Base, Symbol("##52#53")){typeof(Base.first), typeof(Base.size)}, typeof(Base.add_sum), Array{Array{Float64, 2}, 1}, Int64, Int64, Int64}"
62901	"Tuple{typeof(Base._mapreduce), getfield(Base, Symbol("##52#53")){typeof(Base.first), typeof(Base.size)}, typeof(Base.add_sum), Base.IndexLinear, Array{Array{Float64, 2}, 1}}"
953300	"Tuple{typeof(Base.mapreduce_impl), getfield(Base, Symbol("##52#53")){typeof(Base.last), typeof(Base.size)}, typeof(Base.add_sum), Array{Array{Float64, 2}, 1}, Int64, Int64, Int64}"
57100	"Tuple{typeof(Base._mapreduce), getfield(Base, Symbol("##52#53")){typeof(Base.last), typeof(Base.size)}, typeof(Base.add_sum), Base.IndexLinear, Array{Array{Float64, 2}, 1}}"
1577200	"Tuple{typeof(Base.collect_to!), Array{Array{Float64, 2}, 1}, Base.Generator{Array{Array{Float64, 2}, 1}, typeof(Base.similar)}, Int64, Int64}"
74999	"Tuple{typeof(Base._collect), Array{Array{Float64, 2}, 1}, Base.Generator{Array{Array{Float64, 2}, 1}, typeof(Base.similar)}, Base.EltypeUnknown, Base.HasShape{1}}"
717601	"Tuple{typeof(Base.unalias), BlockDiagonals.BlockDiagonal{Float64, Array{Float64, 2}}, BlockDiagonals.BlockDiagonal{Float64, Array{Float64, 2}}}"
1760899	"Tuple{typeof(Base.throw_boundserror), Base.Broadcast.Broadcasted{Nothing, Tuple{Base.OneTo{Int64}}, typeof(Base.size), Tuple{Base.Broadcast.Extruded{Array{Array{Float64, 2}, 1}, Tuple{Bool}, Tuple{Int64}}, Int64}}, Tuple{Int64}}"
759801	"Tuple{typeof(BlockDiagonals._block_indices), BlockDiagonals.BlockDiagonal{Float64, Array{Float64, 2}}, Int64, Int64}"
323999	"Tuple{typeof(Base.throw_boundserror), BlockDiagonals.BlockDiagonal{Float64, Array{Float64, 2}}, Tuple{Base.OneTo{Int64}, Base.OneTo{Int64}}}"
88401	"Tuple{typeof(Base.copyto!), BlockDiagonals.BlockDiagonal{Float64, Array{Float64, 2}}, BlockDiagonals.BlockDiagonal{Float64, Array{Float64, 2}}}"
37100	"Tuple{typeof(Base.copymutable), BlockDiagonals.BlockDiagonal{Float64, Array{Float64, 2}}}"
24399	"Tuple{typeof(Base.copy), BlockDiagonals.BlockDiagonal{Float64, Array{Float64, 2}}}"
23800	"Tuple{typeof(Base.unaliascopy), BlockDiagonals.BlockDiagonal{Float64, Array{Float64, 2}}}"
256201	"Tuple{typeof(Base.throw_boundserror), Array{Float64, 2}, Tuple{Base.OneTo{Int64}, Base.OneTo{Int64}}}"
79400	"Tuple{typeof(Base.copyto!), Array{Float64, 2}, BlockDiagonals.BlockDiagonal{Float64, Array{Float64, 2}}}"
41700	"Tuple{typeof(MatLang.blkdiagM), Array{Float64, 2}, Array{Float64, 2}, Vararg{Array{Float64, 2}, N} where N}"
459300	"Tuple{typeof(Base.vect), Array{Float64, 2}, Vararg{Array{Float64, 2}, N} where N}"
183400	"Tuple{typeof(MatLang.blkdiagM), Symbol, Array{Float64, 2}, Vararg{Array{Float64, 2}, N} where N}"
224300	"Tuple{typeof(Base.zeros), Int64, Int64}"
160800	"Tuple{typeof(MatLang.catM), Int64, Array{Float64, 2}, Vararg{Array{Float64, 2}, N} where N}"
169801	"Tuple{getfield(Base, Symbol("#kw##cat")), NamedTuple{(:dims,), Tuple{Int64}}, typeof(Base.cat), Array{Float64, 2}, Vararg{Array{Float64, 2}, N} where N}"
84200	"Tuple{getfield(Base, Symbol("##cat#100")), Int64, Function, Array{Float64, 2}, Vararg{Array{Float64, 2}, N} where N}"
98701	"Tuple{typeof(Base._cat), Int64, Array{Float64, 2}, Vararg{Array{Float64, 2}, N} where N}"
146300	"Tuple{getfield(Base, Symbol("#kw##cat_t")), NamedTuple{(:dims,), Tuple{Int64}}, typeof(Base.cat_t), Type{Float64}, Array{Float64, 2}, Vararg{Array{Float64, 2}, N} where N}"
84200	"Tuple{getfield(Base, Symbol("##cat_t#99")), Int64, Function, Type{Float64}, Array{Float64, 2}, Vararg{Array{Float64, 2}, N} where N}"
892200	"Tuple{typeof(Base._cat_t), Int64, Type{T} where T, Array{Float64, 2}, Vararg{Array{Float64, 2}, N} where N}"
170500	"Tuple{typeof(Base.map), typeof(Base.cat_size), Tuple{Array{Float64, 2}, Array{Float64, 2}}}"
337600	"Tuple{typeof(Base.cat_shape), Tuple{Bool}, Tuple{}, Tuple{Int64, Int64}, Tuple{Int64, Int64}}"
109099	"Tuple{typeof(Base.cat_similar), Array{Float64, 2}, Type{T} where T, Tuple{Int64, Int64}}"
119401	"Tuple{typeof(Base.similar), Array{Float64, 2}, Type{T} where T, Tuple{Int64, Int64}}"
121500	"Tuple{Type{Array{Float64, 2}}, UndefInitializer, Tuple{Int64, Int64}}"
7706100	"Tuple{typeof(Base.throw_setindex_mismatch), Array{Float64, 2}, Tuple{Int64, Int64}}"
304800	"Tuple{typeof(Base._unsafe_setindex!), Base.IndexLinear, Array{Float64, 2}, Array{Float64, 2}, Base.UnitRange{Int64}, Base.UnitRange{Int64}}"
190900	"Tuple{typeof(Base.throw_boundserror), Array{Float64, 2}, Tuple{Base.UnitRange{Int64}, Base.UnitRange{Int64}}}"
200800	"Tuple{typeof(Base.__cat), Array{Float64, 2}, Tuple{Int64, Int64}, Tuple{Bool}, Array{Float64, 2}, Vararg{Array{Float64, 2}, N} where N}"
349500	"Tuple{typeof(Base.cat_shape), Tuple{Bool, Bool}, Tuple{}, Tuple{Int64, Int64}, Tuple{Int64, Int64}}"
1139700	"Tuple{typeof(Base.__cat), Array{Float64, 2}, Tuple{Int64, Int64}, Tuple{Bool, Bool}, Array{Float64, 2}, Vararg{Array{Float64, 2}, N} where N}"
187300	"Tuple{typeof(Base.map), typeof(Base.cat_size), Tuple{Array{Float64, 2}, Array{Float64, 2}, Array{Float64, 2}}}"
155300	"Tuple{typeof(Base.cat_shape), Tuple{Bool}, Tuple{}, Tuple{Int64, Int64}, Tuple{Int64, Int64}, Vararg{Tuple{Int64, Int64}, N} where N}"
360299	"Tuple{typeof(Base.cat_shape), Tuple{Bool}, Tuple{Int64, Int64}, Tuple{Int64, Int64}, Tuple{Int64, Int64}}"
357500	"Tuple{typeof(Base.fill!), Array{Float64, 3}, Float64}"
32301	"Tuple{typeof(Base.ones), Int64, Int64, Int64}"
169600	"Tuple{typeof(Base.zeros), Int64, Int64, Int64}"
131800	"Tuple{typeof(MatLang.catM), Int64, Array{Float64, 3}, Vararg{Array{Float64, 3}, N} where N}"
160900	"Tuple{getfield(Base, Symbol("#kw##cat")), NamedTuple{(:dims,), Tuple{Int64}}, typeof(Base.cat), Array{Float64, 3}, Vararg{Array{Float64, 3}, N} where N}"
84599	"Tuple{getfield(Base, Symbol("##cat#100")), Int64, Function, Array{Float64, 3}, Vararg{Array{Float64, 3}, N} where N}"
96501	"Tuple{typeof(Base._cat), Int64, Array{Float64, 3}, Vararg{Array{Float64, 3}, N} where N}"
146700	"Tuple{getfield(Base, Symbol("#kw##cat_t")), NamedTuple{(:dims,), Tuple{Int64}}, typeof(Base.cat_t), Type{Float64}, Array{Float64, 3}, Vararg{Array{Float64, 3}, N} where N}"
102000	"Tuple{getfield(Base, Symbol("##cat_t#99")), Int64, Function, Type{Float64}, Array{Float64, 3}, Vararg{Array{Float64, 3}, N} where N}"
754599	"Tuple{typeof(Base._cat_t), Int64, Type{T} where T, Array{Float64, 3}, Vararg{Array{Float64, 3}, N} where N}"
168000	"Tuple{typeof(Base.map), typeof(Base.cat_size), Tuple{Array{Float64, 3}, Array{Float64, 3}}}"
505001	"Tuple{typeof(Base.cat_shape), Tuple{Bool, Bool, Bool}, Tuple{}, Tuple{Int64, Int64, Int64}, Tuple{Int64, Int64, Int64}}"
111899	"Tuple{typeof(Base.cat_similar), Array{Float64, 3}, Type{T} where T, Tuple{Int64, Int64, Int64}}"
121201	"Tuple{typeof(Base.similar), Array{Float64, 3}, Type{T} where T, Tuple{Int64, Int64, Int64}}"
113000	"Tuple{Type{Array{Float64, 3}}, UndefInitializer, Tuple{Int64, Int64, Int64}}"
15320501	"Tuple{typeof(Base.throw_setindex_mismatch), Array{Float64, 3}, Tuple{Int64, Int64, Int64}}"
122400	"Tuple{typeof(Base.setindex_shape_check), Array{Float64, 3}, Int64, Int64, Int64}"
392000	"Tuple{typeof(Base._unsafe_setindex!), Base.IndexLinear, Array{Float64, 3}, Array{Float64, 3}, Base.UnitRange{Int64}, Base.UnitRange{Int64}, Base.UnitRange{Int64}}"
199300	"Tuple{typeof(Base.throw_boundserror), Array{Float64, 3}, Tuple{Base.UnitRange{Int64}, Base.UnitRange{Int64}, Base.UnitRange{Int64}}}"
228399	"Tuple{typeof(Base.__cat), Array{Float64, 3}, Tuple{Int64, Int64, Int64}, Tuple{Bool, Bool, Bool}, Array{Float64, 3}, Vararg{Array{Float64, 3}, N} where N}"
957601	"Tuple{typeof(Base.unsafe_copyto!), Array{Float64, 2}, Int64, Array{Float64, 2}, Int64, Int64}"
116500	"Tuple{typeof(Base._typed_hcat), Type{Float64}, Tuple{Array{Float64, 2}, Array{Float64, 2}}}"
34900	"Tuple{typeof(Base.hcat), Array{Float64, 2}, Array{Float64, 2}}"
762500	"Tuple{typeof(Base.mapfoldl_impl), getfield(Base, Symbol("##91#93")), typeof(Base.add_sum), NamedTuple{(:init,), Tuple{Int64}}, Tuple{Array{Float64, 2}, Array{Float64, 2}}, Int64}"
6818601	"Tuple{typeof(Base._unsafe_setindex!), Base.IndexLinear, Array{Float64, 2}, Array{Float64, 2}, Base.UnitRange{Int64}, Base.Slice{Base.OneTo{Int64}}}"
175100	"Tuple{typeof(Base.throw_boundserror), Array{Float64, 2}, Tuple{Base.UnitRange{Int64}, Base.Slice{Base.OneTo{Int64}}}}"
87699	"Tuple{typeof(Base._typed_vcat), Type{Float64}, Tuple{Array{Float64, 2}, Array{Float64, 2}}}"
36501	"Tuple{typeof(Base.vcat), Array{Float64, 2}, Array{Float64, 2}}"
678200	"Tuple{typeof(Base.hcat), Int64, Int64, Int64, Vararg{Int64, N} where N}"
122001	"Tuple{typeof(Core.Compiler.getindex), Tuple{typeof(Base.fill)}, Int64}"
1096200	"Tuple{typeof(Base.throw_boundserror), Base.Broadcast.Broadcasted{Nothing, Tuple{Base.OneTo{Int64}, Base.OneTo{Int64}}, typeof(Base.fill), Tuple{Base.Broadcast.Extruded{Array{Int64, 2}, Tuple{Bool, Bool}, Tuple{Int64, Int64}}, Int64}}, Tuple{Base.IteratorsMD.CartesianIndex{2}}}"
264500	"Tuple{typeof(MatLang.repelemM), Array{Int64, 2}, Int64}"
443200	"Tuple{typeof(Base.vcat), Array{Int64, 1}, Array{Int64, 1}, Array{Int64, 1}, Vararg{Array{Int64, 1}, N} where N}"
11177900	"Tuple{typeof(Base.throw_setindex_mismatch), Array{Int64, 1}, Tuple{Int64, Int64}}"
87401	"Tuple{typeof(Base._unsafe_setindex!), Base.IndexLinear, Array{Int64, 2}, Array{Int64, 1}, Base.UnitRange{Int64}, Base.UnitRange{Int64}}"
155900	"Tuple{typeof(Base.throw_boundserror), Array{Int64, 2}, Tuple{Base.UnitRange{Int64}, Base.UnitRange{Int64}}}"
65500	"Tuple{typeof(Base.repeat), Array{Int64, 1}, Int64, Int64}"
22400	"Tuple{typeof(MatLang.repmatM), Int64, Int64, Int64}"
473699	"Tuple{typeof(Base.vcat), Int64, Int64}"
111701	"Tuple{typeof(MatLang.repmatM), Array{Int64, 1}, Int64, Int64}"
87600	"Tuple{typeof(MatLang.repmatM), Array{Int64, 1}, Array{Int64, 1}}"
90100	"Tuple{typeof(MatLang.repmatM), Array{Int64, 1}, Tuple{Int64, Int64}}"
76700	"Tuple{typeof(MatLang.repmatM), Array{Int64, 1}, Int64}"
213199	"Tuple{typeof(MatLang.linspaceM), Int64, Int64}"
212300	"Tuple{typeof(MatLang.linspaceM), Int64, Int64, Int64}"
231200	"Tuple{typeof(MatLang.linspaceM), Symbol, Int64, Int64}"
661300	"Tuple{typeof(Base.vcat), Base.StepRange{Int64, Int64}}"
38200	"Tuple{typeof(MatLang.linspaceM), Symbol, Int64, Int64, Int64}"
131300	"Tuple{typeof(Core.Compiler.getindex), Tuple{typeof(Base.:(^))}, Int64}"
1530000	"Tuple{typeof(Base._linspace1), Type{Float64}, Float64, Float64, Int64}"
585700	"Tuple{typeof(Base.:(/)), Base.TwicePrecision{Float64}, Int64}"
72700	"Tuple{Type{Base.TwicePrecision{Float64}}, Tuple{Int64, Int64}}"
1111500	"Tuple{typeof(Base.nbitslen), Type{Float64}, Int64, Int64}"
1288099	"Tuple{typeof(Base.splitprec), Type{Float64}, Int128}"
985801	"Tuple{typeof(Base.:(/)), Base.TwicePrecision{Float64}, Int128}"
177200	"Tuple{typeof(Base.steprangelen_hp), Type{Float64}, Tuple{Int128, Int128}, Tuple{Int128, Int128}, Int64, Int64, Int64}"
80500	"Tuple{typeof(Base._linspace), Type{Float64}, Int64, Int64, Int64, Int64}"
433099	"Tuple{typeof(Base.Math.throw_exp_domainerror), Float64}"
122100	"Tuple{typeof(Base.throw_boundserror), Base.StepRangeLen{Float64, Base.TwicePrecision{Float64}, Base.TwicePrecision{Float64}}, Tuple{Int64}}"
107700	"Tuple{typeof(Base.throw_boundserror), Base.Broadcast.Broadcasted{Nothing, Tuple{Base.OneTo{Int64}}, typeof(Base.:(^)), Tuple{Float64, Base.Broadcast.Extruded{Base.StepRangeLen{Float64, Base.TwicePrecision{Float64}, Base.TwicePrecision{Float64}}, Tuple{Bool}, Tuple{Int64}}}}, Tuple{Int64}}"
185701	"Tuple{typeof(MatLang.logspaceM), Int64, Int64}"
1170700	"Tuple{typeof(MatLang.logspaceM), Int64, Int64, Int64}"
1232201	"Tuple{typeof(Base.throw_boundserror), Base.Broadcast.Broadcasted{Nothing, Tuple{Base.OneTo{Int64}}, typeof(Base.:(^)), Tuple{Float64, Base.Broadcast.Extruded{Base.UnitRange{Int64}, Tuple{Bool}, Tuple{Int64}}}}, Tuple{Int64}}"
194899	"Tuple{typeof(MatLang.logspaceM), Int64, Int64, Symbol}"
8404801	"Tuple{typeof(Base.throw_setindex_mismatch), Base.ReshapedArray{Int64, 2, Base.StepRange{Int64, Int64}, Tuple{}}, Tuple{Int64, Int64}}"
420699	"Tuple{typeof(Base.throw_boundserror), Base.ReshapedArray{Int64, 2, Base.StepRange{Int64, Int64}, Tuple{}}, Tuple{Int64}}"
253800	"Tuple{typeof(Base._unsafe_setindex!), Base.IndexLinear, Array{Int64, 2}, Base.ReshapedArray{Int64, 2, Base.StepRange{Int64, Int64}, Tuple{}}, Base.UnitRange{Int64}, Base.UnitRange{Int64}}"
134701	"Tuple{typeof(Base.repeat), Base.ReshapedArray{Int64, 2, Base.StepRange{Int64, Int64}, Tuple{}}, Int64, Int64}"
161500	"Tuple{typeof(Base._throw_dmrs), Int64, String, Tuple{Int64, Int64}}"
42599	"Tuple{typeof(MatLang.meshgridM), Base.StepRange{Int64, Int64}}"
138600	"Tuple{typeof(Base.indexed_iterate), Tuple{Array{Int64, 2}, Array{Int64, 2}}, Int64}"
106801	"Tuple{typeof(Base.indexed_iterate), Tuple{Array{Int64, 2}, Array{Int64, 2}}, Int64, Int64}"
377100	"Tuple{typeof(MatLang.meshgridM), Base.StepRange{Int64, Int64}, Base.StepRange{Int64, Int64}}"
5756900	"Tuple{typeof(Base.throw_boundserror), Base.ReshapedArray{Int64, 3, Base.UnitRange{Int64}, Tuple{}}, Tuple{Int64, Int64, Int64}}"
204699	"Tuple{typeof(Base.throw_checksize_error), Array{Int64, 3}, Tuple{Base.OneTo{Int64}, Base.OneTo{Int64}, Base.OneTo{Int64}}}"
151501	"Tuple{typeof(Base._unsafe_getindex), Base.IndexLinear, Base.ReshapedArray{Int64, 3, Base.UnitRange{Int64}, Tuple{}}, Array{Int64, 1}, Base.Slice{Base.OneTo{Int64}}, Array{Int64, 1}}"
4435500	"Tuple{typeof(Base._unsafe_getindex), Base.IndexLinear, Base.ReshapedArray{Int64, 3, Base.UnitRange{Int64}, Tuple{}}, Base.Slice{Base.OneTo{Int64}}, Array{Int64, 1}, Array{Int64, 1}}"
4444100	"Tuple{typeof(Base._unsafe_getindex), Base.IndexLinear, Base.ReshapedArray{Int64, 3, Base.UnitRange{Int64}, Tuple{}}, Array{Int64, 1}, Array{Int64, 1}, Base.Slice{Base.OneTo{Int64}}}"
169700	"Tuple{typeof(Base.throw_boundserror), Base.ReshapedArray{Int64, 3, Base.UnitRange{Int64}, Tuple{}}, Tuple{Array{Int64, 1}, Array{Int64, 1}, Base.Slice{Base.OneTo{Int64}}}}"
125499	"Tuple{typeof(Base.throw_boundserror), Base.ReshapedArray{Int64, 3, Base.UnitRange{Int64}, Tuple{}}, Tuple{Base.Slice{Base.OneTo{Int64}}, Array{Int64, 1}, Array{Int64, 1}}}"
111101	"Tuple{typeof(Base.throw_boundserror), Base.ReshapedArray{Int64, 3, Base.UnitRange{Int64}, Tuple{}}, Tuple{Array{Int64, 1}, Base.Slice{Base.OneTo{Int64}}, Array{Int64, 1}}}"
144700	"Tuple{typeof(Base._throw_dmrs), Int64, String, Tuple{Int64, Int64, Int64}}"
206800	"Tuple{typeof(MatLang.meshgridM), Base.UnitRange{Int64}, Base.UnitRange{Int64}, Base.UnitRange{Int64}}"
140399	"Tuple{typeof(Base.indexed_iterate), Tuple{Array{Int64, 3}, Array{Int64, 3}, Array{Int64, 3}}, Int64}"
104700	"Tuple{typeof(Base.indexed_iterate), Tuple{Array{Int64, 3}, Array{Int64, 3}, Array{Int64, 3}}, Int64, Int64}"
114000	"Tuple{Type{NamedTuple{(:dim,), T} where T<:Tuple}, Tuple{Int64}}"
1058300	"Tuple{getfield(MatLang, Symbol("#kw##ndgridM")), NamedTuple{(:dim,), Tuple{Int64}}, typeof(MatLang.ndgridM), Base.StepRange{Int64, Int64}}"
294299	"Tuple{typeof(MatLang.ndgridM), Base.StepRange{Int64, Int64}, Base.StepRange{Int64, Int64}}"
2133299	"Tuple{typeof(Base.ntuple), getfield(MatLang, Symbol("##26#27")){Int64, Tuple{Int64, Int64, Int64}}, Int64}"
437900	"Tuple{typeof(MatLang.ndgrid_fill), Array{Int64, 3}, Base.UnitRange{Int64}, Int64, Int64}"
72800	"Tuple{typeof(MatLang.ndgridM), Base.UnitRange{Int64}, Base.UnitRange{Int64}, Base.UnitRange{Int64}}"
130999	"Tuple{typeof(Core.Compiler.getindex), Tuple{typeof(Base.:(/))}, Int64}"
315300	"Tuple{getfield(MatLang, Symbol("#kw##freqspaceM")), NamedTuple{(:dim,), Tuple{Int64}}, typeof(MatLang.freqspaceM), Int64}"
4057000	"Tuple{typeof(Base.rat), Float64}"
956799	"Tuple{typeof(Base.floatrange), Type{Float64}, Int64, Int64, Int64, Int64}"
286801	"Tuple{Base.Colon, Float64, Float64, Float64}"
571100	"Tuple{typeof(Base.vect), Base.StepRange{Int64, Int64}}"
3018000	"Tuple{typeof(Base._range), Float64, Float64, Nothing, Int64}"
131400	"Tuple{typeof(Base.throw_boundserror), Base.Broadcast.Broadcasted{Nothing, Tuple{Base.OneTo{Int64}}, typeof(Base.:(/)), Tuple{Base.Broadcast.Extruded{Array{Base.StepRange{Int64, Int64}, 1}, Tuple{Bool}, Tuple{Int64}}, Int64}}, Tuple{Int64}}"
220300	"Tuple{typeof(Base.Broadcast.broadcast), typeof(Base.:(/)), Array{Base.StepRange{Int64, Int64}, 1}, Int64}"
179900	"Tuple{typeof(Base._throw_dmrsa), Tuple{Int64, Int64}, Int64}"
7117400	"Tuple{typeof(Base.throw_setindex_mismatch), Array{Base.StepRangeLen{Float64, Base.TwicePrecision{Float64}, Base.TwicePrecision{Float64}}, 2}, Tuple{Int64, Int64}}"
389599	"Tuple{typeof(Base._unsafe_setindex!), Base.IndexLinear, Array{Base.StepRangeLen{Float64, Base.TwicePrecision{Float64}, Base.TwicePrecision{Float64}}, 2}, Array{Base.StepRangeLen{Float64, Base.TwicePrecision{Float64}, Base.TwicePrecision{Float64}}, 2}, Base.UnitRange{Int64}, Base.UnitRange{Int64}}"
182001	"Tuple{typeof(Base.throw_boundserror), Array{Base.StepRangeLen{Float64, Base.TwicePrecision{Float64}, Base.TwicePrecision{Float64}}, 2}, Tuple{Base.UnitRange{Int64}, Base.UnitRange{Int64}}}"
80699	"Tuple{typeof(Base.repeat), Array{Base.StepRangeLen{Float64, Base.TwicePrecision{Float64}, Base.TwicePrecision{Float64}}, 2}, Int64, Int64}"
132001	"Tuple{getfield(MatLang, Symbol("##freqspaceM#28")), Int64, Function, Int64, Symbol}"
251700	"Tuple{getfield(MatLang, Symbol("#kw##freqspaceM")), NamedTuple{(:dim,), Tuple{Int64}}, typeof(MatLang.freqspaceM), Int64, Symbol}"
112400	"Tuple{typeof(Base.indexed_iterate), Tuple{Array{Base.StepRangeLen{Float64, Base.TwicePrecision{Float64}, Base.TwicePrecision{Float64}}, 1}, Array{Base.StepRangeLen{Float64, Base.TwicePrecision{Float64}, Base.TwicePrecision{Float64}}, 1}}, Int64}"
96301	"Tuple{typeof(Base.indexed_iterate), Tuple{Array{Base.StepRangeLen{Float64, Base.TwicePrecision{Float64}, Base.TwicePrecision{Float64}}, 1}, Array{Base.StepRangeLen{Float64, Base.TwicePrecision{Float64}, Base.TwicePrecision{Float64}}, 1}}, Int64, Int64}"
102399	"Tuple{typeof(Base.indexed_iterate), Tuple{Array{Base.StepRangeLen{Float64, Base.TwicePrecision{Float64}, Base.TwicePrecision{Float64}}, 2}, Array{Base.StepRangeLen{Float64, Base.TwicePrecision{Float64}, Base.TwicePrecision{Float64}}, 2}}, Int64}"
93201	"Tuple{typeof(Base.indexed_iterate), Tuple{Array{Base.StepRangeLen{Float64, Base.TwicePrecision{Float64}, Base.TwicePrecision{Float64}}, 2}, Array{Base.StepRangeLen{Float64, Base.TwicePrecision{Float64}, Base.TwicePrecision{Float64}}, 2}}, Int64, Int64}"
417400	"Tuple{typeof(Base.hvcat), Tuple{Int64, Int64}, Int64, Vararg{Int64, N} where N}"
357099	"Tuple{typeof(Base.mapfoldl_impl), typeof(Base.identity), typeof(Base.max), NamedTuple{(:init,), Tuple{Int64}}, Tuple{Int64, Int64}, Int64}"
46000	"Tuple{typeof(MatLang.lengthM), Array{Int64, 2}}"
97500	"Tuple{typeof(Base.hvcat), Tuple{Int64, Int64, Int64}, String, Vararg{Any, N} where N}"
122301	"Tuple{typeof(Base.promote_eltypeof), String, Int64, Vararg{Any, N} where N}"
104099	"Tuple{typeof(Base.promote_eltypeof), Int64, String, Vararg{Any, N} where N}"
327500	"Tuple{typeof(Base.typed_hvcat), Type{Any}, Tuple{Int64, Int64, Int64}, String, Vararg{Any, N} where N}"
256600	"Tuple{typeof(Base._compute_eltype), Type{Tuple{String, Int64, String, Int64, String, Int64}}}"
415100	"Tuple{typeof(Base.getindex), Tuple{String, Int64, String, Int64, String, Int64}, Base.UnitRange{Int64}}"
142899	"Tuple{typeof(Core.Compiler.getindex), Tuple{Tuple{Bool, Bool}, Tuple{}}, Int64}"
92399	"Tuple{typeof(Core.Compiler.getindex), Tuple{Tuple{Int64}, Tuple{Int64}}, Int64}"
136000	"Tuple{typeof(Core.Compiler.getindex), Tuple{Tuple{Bool, Bool}, Tuple{Int64, Int64}}, Int64}"
164100	"Tuple{typeof(Base.typed_hcat), Type{T} where T, String, Int64}"
87701	"Tuple{typeof(Core.Compiler.getindex), Tuple{Base.Val{2}, typeof(Base.cat_t), DataType}, Int64}"
77199	"Tuple{typeof(Core.Compiler.getindex), Tuple{Base.Val{2}, DataType}, Int64}"
204499	"Tuple{getfield(Base, Symbol("#kw##cat_t")), NamedTuple{(:dims,), Tuple{Base.Val{2}}}, typeof(Base.cat_t), Type{Any}, String, Vararg{Any, N} where N}"
114499	"Tuple{getfield(Base, Symbol("##cat_t#99")), Base.Val{2}, Function, Type{Any}, String, Vararg{Any, N} where N}"
304400	"Tuple{typeof(Base._cat_t), Base.Val{2}, Type{T} where T, String, Vararg{Any, N} where N}"
267300	"Tuple{typeof(Base.cat_shape), Tuple{Bool, Bool}, Tuple{}, Tuple{Int64}, Tuple{Int64}}"
121300	"Tuple{typeof(Base.cat_similar), String, Type{T} where T, Tuple{Int64, Int64}}"
119600	"Tuple{Type{Array{Any, N} where N}, UndefInitializer, Tuple{Int64, Int64}}"
1151500	"Tuple{typeof(Base.throw_boundserror), Array{Any, 2}, Tuple{Base.UnitRange{Int64}, Base.UnitRange{Int64}}}"
276100	"Tuple{typeof(Base.__cat), Array{Any, 2}, Tuple{Int64, Int64}, Tuple{Bool, Bool}, String, Vararg{Any, N} where N}"
123599	"Tuple{typeof(Base.cat_indices), String, Int64}"
114100	"Tuple{typeof(Base.Broadcast.broadcasted), Function, Int64, Base.OneTo{Int64}}"
664999	"Tuple{typeof(Base.throw_boundserror), Base.SubArray{Any, 2, Array{Any, 2}, Tuple{Base.UnitRange{Int64}, Base.UnitRange{Int64}}, false}, Tuple{Int64, Int64}}"
81900	"Tuple{typeof(Base.fill!), Base.SubArray{Any, 2, Array{Any, 2}, Tuple{Base.UnitRange{Int64}, Base.UnitRange{Int64}}, false}, String}"
111800	"Tuple{typeof(Base.cat_indices), Int64, Int64}"
659700	"Tuple{typeof(Base.fill!), Base.SubArray{Any, 2, Array{Any, 2}, Tuple{Base.UnitRange{Int64}, Base.UnitRange{Int64}}, false}, Int64}"
778000	"Tuple{typeof(Base.mapfoldl_impl), getfield(Base, Symbol("##91#93")), typeof(Base.add_sum), NamedTuple{(:init,), Tuple{Int64}}, Tuple{Array{Any, 2}, Array{Any, 2}, Array{Any, 2}}, Int64}"
6947500	"Tuple{typeof(Base.throw_setindex_mismatch), Array{Any, 2}, Tuple{Int64, Int64}}"
295000	"Tuple{typeof(Base._unsafe_setindex!), Base.IndexLinear, Array{Any, 2}, Array{Any, 2}, Base.UnitRange{Int64}, Base.Slice{Base.OneTo{Int64}}}"
158700	"Tuple{typeof(Base.throw_boundserror), Array{Any, 2}, Tuple{Base.UnitRange{Int64}, Base.Slice{Base.OneTo{Int64}}}}"
89700	"Tuple{typeof(Base._typed_vcat), Type{Any}, Tuple{Array{Any, 2}, Array{Any, 2}, Array{Any, 2}}}"
33099	"Tuple{typeof(Base.typed_vcat), Type{Any}, Array{Any, 2}, Array{Any, 2}, Array{Any, 2}}"
180000	"Tuple{typeof(MatLang.lengthM), Array{Any, 2}}"
397100	"Tuple{typeof(MatLang.sizeM), Symbol, Array{Int64, 2}}"
130700	"Tuple{typeof(MatLang.sizeM), Array{Int64, 2}}"
112300	"Tuple{typeof(MatLang.sizeM), Array{Int64, 2}, Int64}"
603700	"Tuple{typeof(MatLang.sizeM), Symbol, Array{Int64, 2}, Int64}"
79000	"Tuple{typeof(Base.:(==)), Array{Int64, 1}, Int64}"
229400	"Tuple{typeof(Base.:(==)), Array{Int64, 1}, Array{Int64, 1}}"
125701	"Tuple{typeof(Base.indexed_iterate), Tuple{Int64, Int64}, Int64}"
125100	"Tuple{typeof(Base.indexed_iterate), Tuple{Int64, Int64}, Int64, Int64}"
272900	"Tuple{typeof(Base.rand), Int64, Int64, Int64}"
646700	"Tuple{typeof(MatLang.sizeM), Symbol, Array{Float64, 3}, Int64, Int64}"
695200	"Tuple{typeof(Base.collect_to_with_first!), Array{Int64, 1}, Int64, Base.Generator{Array{Int64, 1}, getfield(Base, Symbol("##23#24")){Tuple{Int64, Int64, Int64}}}, Int64}"
64701	"Tuple{typeof(MatLang.sizeM), Array{Float64, 3}, Int64, Int64}"
202001	"Tuple{typeof(Base.length), Base.UnitRange{Int64}}"
76999	"Tuple{typeof(Base.length), Array{Int64, 2}}"
3057999	"Tuple{typeof(Base.throw_boundserror), Base.Broadcast.Broadcasted{Nothing, Tuple{Base.OneTo{Int64}, Base.OneTo{Int64}, Base.OneTo{Int64}}, typeof(Base.:(*)), Tuple{Int64, Base.Broadcast.Extruded{Array{Float64, 3}, Tuple{Bool, Bool, Bool}, Tuple{Int64, Int64, Int64}}}}, Tuple{Base.IteratorsMD.CartesianIndex{3}}}"
304201	"Tuple{typeof(Base.Broadcast.throwdm), Tuple{Base.OneTo{Int64}, Base.OneTo{Int64}, Base.OneTo{Int64}}, Tuple{Base.OneTo{Int64}, Base.OneTo{Int64}, Base.OneTo{Int64}}}"
136699	"Tuple{typeof(Base.Broadcast.broadcast), typeof(Base.:(*)), Int64, Array{Float64, 3}}"
27201	"Tuple{typeof(Base.:(*)), Int64, Array{Float64, 3}}"
605700	"Tuple{typeof(Base.hcat), String, String}"
132700	"Tuple{typeof(MatLang.isscalarM), Symbol, Int64}"
139100	"Tuple{typeof(MatLang.isscalarM), Symbol, Array{Int64, 1}}"
393699	"Tuple{typeof(MatLang.isscalarM), Symbol, Array{Float64, 3}}"
129900	"Tuple{typeof(MatLang.isscalarM), Symbol, String}"
128400	"Tuple{typeof(MatLang.isscalarM), Symbol, Array{String, 1}}"
128201	"Tuple{typeof(MatLang.isscalarM), Symbol, Array{String, 2}}"
117699	"Tuple{typeof(MatLang.isscalarM), Symbol, Char}"
114201	"Tuple{typeof(MatLang.isscalarM), Symbol, Bool}"
467100	"Tuple{typeof(Base.vcat), Int64, Int64, Int64}"
150800	"Tuple{typeof(Base.ones), Int64}"
120000	"Tuple{typeof(MatLang.isvectorM), Symbol, Array{Int64, 1}}"
152200	"Tuple{typeof(MatLang.isvectorM), Symbol, Array{Int64, 2}}"
148900	"Tuple{typeof(MatLang.isvectorM), Symbol, Array{Float64, 2}}"
124000	"Tuple{typeof(MatLang.isvectorM), Symbol, Array{Float64, 1}}"
104900	"Tuple{typeof(MatLang.isvectorM), Symbol, Int64}"
103500	"Tuple{typeof(MatLang.isvectorM), Symbol, String}"
106400	"Tuple{typeof(MatLang.isvectorM), Symbol, Array{String, 1}}"
106300	"Tuple{typeof(MatLang.ismatrixM), Symbol, Array{Int64, 2}}"
115199	"Tuple{typeof(MatLang.ismatrixM), Symbol, Array{Int64, 1}}"
115601	"Tuple{typeof(MatLang.ismatrixM), Symbol, Array{Float64, 2}}"
152301	"Tuple{typeof(MatLang.ismatrixM), Symbol, Array{Float64, 1}}"
105299	"Tuple{typeof(MatLang.ismatrixM), Symbol, String}"
106001	"Tuple{typeof(MatLang.ismatrixM), Symbol, Array{String, 1}}"
92400	"Tuple{typeof(MatLang.isrowM), Array{Int64, 2}}"
88700	"Tuple{typeof(MatLang.isrowM), Array{Float64, 2}}"
88900	"Tuple{typeof(MatLang.isrowM), Array{String, 2}}"
192600	"Tuple{typeof(MatLang.isrowM), Symbol, Array{Int64, 1}}"
231701	"Tuple{typeof(MatLang.isrowM), Symbol, Array{Int64, 2}}"
196600	"Tuple{typeof(MatLang.isrowM), Symbol, Array{Float64, 2}}"
113601	"Tuple{typeof(MatLang.isrowM), Symbol, Array{Float64, 1}}"
106701	"Tuple{typeof(MatLang.isrowM), Symbol, Int64}"
106601	"Tuple{typeof(MatLang.isrowM), Symbol, String}"
105900	"Tuple{typeof(MatLang.isrowM), Symbol, Array{String, 1}}"
113900	"Tuple{typeof(MatLang.iscolumnM), Array{Int64, 2}}"
85700	"Tuple{typeof(MatLang.iscolumnM), Array{Float64, 2}}"
86801	"Tuple{typeof(MatLang.iscolumnM), Array{String, 2}}"
133899	"Tuple{typeof(MatLang.iscolumnM), Symbol, Array{Int64, 1}}"
132600	"Tuple{typeof(MatLang.iscolumnM), Symbol, Array{Int64, 2}}"
132300	"Tuple{typeof(MatLang.iscolumnM), Symbol, Array{Float64, 2}}"
142300	"Tuple{typeof(MatLang.iscolumnM), Symbol, Array{Float64, 1}}"
104900	"Tuple{typeof(MatLang.iscolumnM), Symbol, Int64}"
103799	"Tuple{typeof(MatLang.iscolumnM), Symbol, String}"
132900	"Tuple{typeof(MatLang.iscolumnM), Symbol, Array{String, 1}}"
152099	"Tuple{typeof(MatLang.sortM), Array{Int64, 1}}"
846499	"Tuple{getfield(MatLang, Symbol("##sortM#29")), Bool, Function, Array{Int64, 1}, Symbol}"
303300	"Tuple{getfield(Base.Sort, Symbol("##sort#8")), Base.Iterators.Pairs{Union{}, Union{}, Tuple{}, NamedTuple{(), Tuple{}}}, Function, Array{Int64, 1}}"
547601	"Tuple{getfield(Base.Sort, Symbol("##sort!#7")), Base.Sort.QuickSortAlg, Function, Function, Nothing, Base.Order.ForwardOrdering, Function, Array{Int64, 1}}"
128200	"Tuple{Type{NamedTuple{(:I,), T} where T<:Tuple}, Tuple{Bool}}"
172100	"Tuple{getfield(MatLang, Symbol("#kw##sortM")), NamedTuple{(:I,), Tuple{Bool}}, typeof(MatLang.sortM), Array{Int64, 1}}"
1117999	"Tuple{typeof(Base.Sort.sortperm_int_range), Array{Int64, 1}, Int64, Int64}"
269201	"Tuple{getfield(Base.Sort, Symbol("##sortperm#11")), Base.Sort.QuickSortAlg, Function, Function, Nothing, Base.Order.ForwardOrdering, Function, Array{Int64, 1}}"
86299	"Tuple{Type{Base.Order.Perm{O, V} where V<:(AbstractArray{T, 1} where T) where O<:Base.Order.Ordering}, Base.Order.ForwardOrdering, Array{Int64, 1}}"
512400	"Tuple{typeof(Base.sort!), Array{Int64, 1}, Int64, Int64, Base.Sort.InsertionSortAlg, Base.Order.Perm{Base.Order.ForwardOrdering, Array{Int64, 1}}}"
611700	"Tuple{typeof(Base.Sort.partition!), Array{Int64, 1}, Int64, Int64, Base.Order.Perm{Base.Order.ForwardOrdering, Array{Int64, 1}}}"
73799	"Tuple{typeof(Base.sort!), Array{Int64, 1}, Int64, Int64, Base.Sort.QuickSortAlg, Base.Order.Perm{Base.Order.ForwardOrdering, Array{Int64, 1}}}"
33401	"Tuple{typeof(Base.sort!), Array{Int64, 1}, Base.Sort.QuickSortAlg, Base.Order.Perm{Base.Order.ForwardOrdering, Array{Int64, 1}}}"
120200	"Tuple{typeof(Base.indexed_iterate), Tuple{Array{Int64, 1}, Array{Int64, 1}}, Int64}"
98000	"Tuple{typeof(Base.indexed_iterate), Tuple{Array{Int64, 1}, Array{Int64, 1}}, Int64, Int64}"
354700	"Tuple{typeof(Base.getindex), Array{Int64, 1}, Array{Int64, 1}}"
75301	"Tuple{typeof(MatLang.sortM), Array{Int64, 1}, Symbol}"
416400	"Tuple{getfield(Base.Sort, Symbol("##sort#8")), Base.Iterators.Pairs{Symbol, Bool, Tuple{Symbol}, NamedTuple{(:rev,), Tuple{Bool}}}, Function, Array{Int64, 1}}"
362800	"Tuple{typeof(Base.Order.ord), Function, Function, Bool, Base.Order.ForwardOrdering}"
260200	"Tuple{getfield(Base.Sort, Symbol("##sort!#7")), Base.Sort.QuickSortAlg, Function, Function, Bool, Base.Order.ForwardOrdering, Function, Array{Int64, 1}}"
672800	"Tuple{typeof(Base.sort!), Array{Int64, 1}, Int64, Int64, Base.Sort.InsertionSortAlg, Base.Order.ReverseOrdering{Base.Order.ForwardOrdering}}"
448099	"Tuple{typeof(Base.Sort.partition!), Array{Int64, 1}, Int64, Int64, Base.Order.ReverseOrdering{Base.Order.ForwardOrdering}}"
70500	"Tuple{typeof(Base.sort!), Array{Int64, 1}, Int64, Int64, Base.Sort.QuickSortAlg, Base.Order.ReverseOrdering{Base.Order.ForwardOrdering}}"
31900	"Tuple{typeof(Base.sort!), Array{Int64, 1}, Base.Sort.QuickSortAlg, Base.Order.ReverseOrdering{Base.Order.ForwardOrdering}}"
134401	"Tuple{typeof(MatLang.sortM), Array{Int64, 2}}"
468400	"Tuple{getfield(MatLang, Symbol("##sortM#30")), Bool, Function, Array{Int64, 2}, Int64, Symbol}"
904600	"Tuple{typeof(Base.unsafe_copyto!), Array{Int64, 1}, Int64, Array{Int64, 2}, Int64, Int64}"
341800	"Tuple{typeof(Base.Sort.sort_chunks!), Array{Int64, 1}, Int64, Base.Sort.QuickSortAlg, Base.Order.ForwardOrdering}"
158399	"Tuple{getfield(Base.Sort, Symbol("##sort#13")), Int64, Base.Sort.QuickSortAlg, Function, Function, Nothing, Base.Order.ForwardOrdering, Function, Array{Int64, 2}}"
113800	"Tuple{typeof(MatLang.sortM), Array{Int64, 2}, Int64, Symbol}"
755499	"Tuple{typeof(Base.union!), Base.Set{Int64}, Base.UnitRange{Int64}}"
112401	"Tuple{typeof(Base._shrink), Function, Base.UnitRange{Int64}, Tuple{Int64}}"
222900	"Tuple{typeof(Base.setdiff!), Base.Set{Int64}, Int64}"
187300	"Tuple{typeof(Base.map), Function, Base.UnitRange{Int64}}"
147000	"Tuple{typeof(Base.filter), Function, Base.UnitRange{Int64}}"
112000	"Tuple{Type{Base.Generator{I, F} where F where I}, getfield(Base, Symbol("##79#80")){typeof(Base.in), typeof(Base.pop!), Base.Set{Int64}}, Base.UnitRange{Int64}}"
1256700	"Tuple{typeof(Base.collect_to!), Array{Bool, 1}, Base.Generator{Base.UnitRange{Int64}, getfield(Base, Symbol("##79#80")){typeof(Base.in), typeof(Base.pop!), Base.Set{Int64}}}, Int64, Int64}"
156901	"Tuple{typeof(Base._collect), Base.UnitRange{Int64}, Base.Generator{Base.UnitRange{Int64}, getfield(Base, Symbol("##79#80")){typeof(Base.in), typeof(Base.pop!), Base.Set{Int64}}}, Base.EltypeUnknown, Base.HasShape{1}}"
49899	"Tuple{typeof(Base.collect_similar), Base.UnitRange{Int64}, Base.Generator{Base.UnitRange{Int64}, getfield(Base, Symbol("##79#80")){typeof(Base.in), typeof(Base.pop!), Base.Set{Int64}}}}"
2310000	"Tuple{typeof(Base._unsafe_getindex), Base.IndexLinear, Base.UnitRange{Int64}, Base.LogicalIndex{Int64, Array{Bool, 1}}}"
152900	"Tuple{typeof(Base.throw_boundserror), Base.UnitRange{Int64}, Tuple{Base.LogicalIndex{Int64, Array{Bool, 1}}}}"
75900	"Tuple{typeof(Base.getindex), Base.UnitRange{Int64}, Array{Bool, 1}}"
314701	"Tuple{getfield(Base, Symbol("##s546#398")), Any, Any, Any, Any, Any, Any}"
941700	"Tuple{typeof(Base.permutedims!), Array{Int64, 2}, Array{Int64, 2}, Tuple{Int64, Int64}}"
57099	"Tuple{typeof(Base.permutedims), Array{Int64, 2}, Tuple{Int64, Int64}}"
275600	"Tuple{typeof(Base._throw_dmrsa), Tuple{Int64}, Int64}"
74800	"Tuple{typeof(Base.vec), Array{Int64, 2}}"
195599	"Tuple{typeof(Base.invperm), Tuple{Int64, Int64}}"
180700	"Tuple{getfield(MatLang, Symbol("#kw##sortM")), NamedTuple{(:I,), Tuple{Bool}}, typeof(MatLang.sortM), Array{Int64, 2}, Int64, Symbol}"
553000	"Tuple{getfield(MatLang, Symbol("##sortperm#31")), Int64, Bool, Function, Array{Int64, 2}}"
1316600	"Tuple{typeof(Base.vect), Base.OneTo{Int64}, Vararg{Base.OneTo{Int64}, N} where N}"
880800	"Tuple{typeof(Base.throw_checksize_error), Array{Base.OneTo{Int64}, 1}, Tuple{Base.OneTo{Int64}}}"
67299	"Tuple{typeof(Base._unsafe_getindex), Base.IndexLinear, Array{Base.OneTo{Int64}, 1}, Array{Int64, 1}}"
1338601	"Tuple{typeof(Base.throw_setindex_mismatch), Array{Base.OneTo{Int64}, 1}, Tuple{Int64}}"
506100	"Tuple{typeof(Base.throw_boundserror), Array{Base.OneTo{Int64}, 1}, Tuple{Array{Int64, 1}}}"
244700	"Tuple{getfield(Base, Symbol("##mapslices#105")), Int64, Function, getfield(MatLang, Symbol("##32#33")){Bool}, Array{Int64, 2}}"
418400	"Tuple{typeof(Base.append_any), Int64}"
2359900	"Tuple{typeof(Base._unsafe_getindex), Base.IndexLinear, Array{Int64, 2}, Int64, Base.Slice{Base.OneTo{Int64}}}"
156300	"Tuple{typeof(Base.throw_boundserror), Array{Int64, 2}, Tuple{Int64, Base.Slice{Base.OneTo{Int64}}}}"
41700	"Tuple{typeof(Base.getindex), Array{Int64, 2}, Int64, Base.Slice{Base.OneTo{Int64}}}"
214100	"Tuple{getfield(MatLang, Symbol("##32#33")){Bool}, Array{Int64, 1}}"
850399	"Tuple{getfield(Base.Sort, Symbol("##sortperm#11")), Base.Sort.QuickSortAlg, Function, Function, Bool, Base.Order.ForwardOrdering, Function, Array{Int64, 1}}"
468001	"Tuple{typeof(Base.vect), Base.OneTo{Int64}}"
158000	"Tuple{typeof(Base.similar), Array{Int64, 1}, Tuple{Base.OneTo{Int64}, Base.OneTo{Int64}}}"
155099	"Tuple{typeof(Base.axes), Array{Int64, 2}}"
204699	"Tuple{typeof(Base.getindex), Type{Any}, Any, Any}"
179600	"Tuple{typeof(Base.axes), Array{Int64, 2}, Int64}"
130200	"Tuple{typeof(Base.concatenate_setindex!), Array{Int64, 2}, Array{Int64, 1}, Int64, Vararg{Any, N} where N}"
6446800	"Tuple{typeof(Base._unsafe_setindex!), Base.IndexLinear, Array{Int64, 2}, Array{Int64, 1}, Int64, Base.OneTo{Int64}}"
154400	"Tuple{typeof(Base.throw_boundserror), Array{Int64, 2}, Tuple{Int64, Base.OneTo{Int64}}}"
41099	"Tuple{typeof(Base.setindex!), Array{Int64, 2}, Array{Int64, 1}, Int64, Base.OneTo{Int64}}"
124699	"Tuple{Type{Base.IteratorsMD.CartesianIndices{N, R} where R<:Tuple{Vararg{Base.AbstractUnitRange{Int64}, N}} where N}, Tuple{Base.OneTo{Int64}}}"
257001	"Tuple{typeof(Base.Iterators.drop), Base.IteratorsMD.CartesianIndices{1, Tuple{Base.OneTo{Int64}}}, Int64}"
1270600	"Tuple{typeof(Base.inner_mapslices!), Bool, Base.Iterators.Drop{Base.IteratorsMD.CartesianIndices{1, Tuple{Base.OneTo{Int64}}}}, Int64, Array{Any, 1}, Array{Int64, 1}, Array{Any, 1}, Array{Int64, 1}, Array{Int64, 2}, getfield(MatLang, Symbol("##32#33")){Bool}, Array{Int64, 2}}"
410899	"Tuple{typeof(Base._unsafe_getindex!), Array{Int64, 1}, Array{Int64, 2}, Int64, Base.Slice{Base.OneTo{Int64}}}"
102501	"Tuple{typeof(Base.size), Array{Int64, 2}, Int64}"
98600	"Tuple{typeof(Base.getindex), Array{Int64, 2}, Int64, Int64}"
100299	"Tuple{typeof(Base.setindex!), Array{Int64, 2}, Int64, Int64, Int64}"
1019100	"Tuple{typeof(Base.throw_checksize_error), Array{Int64, 2}, Tuple{Base.OneTo{Int64}, Base.OneTo{Int64}}}"
83201	"Tuple{typeof(Base._unsafe_getindex), Base.IndexLinear, Array{Int64, 2}, Array{Int64, 2}}"
92100	"Tuple{typeof(Base.throw_boundserror), Array{Int64, 2}, Tuple{Array{Int64, 2}}}"
56200	"Tuple{typeof(Base.getindex), Array{Int64, 2}, Array{Int64, 2}}"
378799	"Tuple{typeof(Base.:(==)), Array{Int64, 2}, Array{Int64, 2}}"
140201	"Tuple{typeof(MatLang.zerosM), Type{T} where T, Int64, Int64, Int64}"
95300	"Tuple{typeof(Base.zeros), Type{Integer}, Int64, Int64, Vararg{Int64, N} where N}"
351601	"Tuple{typeof(Base.fill!), Array{Integer, 3}, Int64}"
27099	"Tuple{typeof(Base.zeros), Type{Integer}, Tuple{Int64, Int64, Int64}}"
11186300	"Tuple{typeof(Base.throw_setindex_mismatch), Array{Int64, 2}, Tuple{Int64, Int64, Int64}}"
129700	"Tuple{typeof(Base.setindex_shape_check), Array{Int64, 2}, Int64, Int64, Int64}"
240199	"Tuple{typeof(Base._unsafe_setindex!), Base.IndexLinear, Array{Integer, 3}, Array{Int64, 2}, Base.Slice{Base.OneTo{Int64}}, Base.Slice{Base.OneTo{Int64}}, Int64}"
145501	"Tuple{typeof(Base.throw_boundserror), Array{Integer, 3}, Tuple{Base.Slice{Base.OneTo{Int64}}, Base.Slice{Base.OneTo{Int64}}, Int64}}"
58700	"Tuple{typeof(Base.setindex!), Array{Integer, 3}, Array{Int64, 2}, Function, Function, Int64}"
217500	"Tuple{typeof(Base.to_indices), Array{Integer, 3}, Tuple{Base.OneTo{Int64}, Base.OneTo{Int64}, Base.OneTo{Int64}}, Tuple{Base.Colon, Base.Colon, Int64}}"
151300	"Tuple{typeof(MatLang.sortM), Array{Integer, 3}, Int64}"
380901	"Tuple{getfield(MatLang, Symbol("##sortM#30")), Bool, Function, Array{Integer, 3}, Int64, Symbol}"
866199	"Tuple{typeof(Base.unsafe_copyto!), Array{Integer, 1}, Int64, Array{Integer, 3}, Int64, Int64}"
671401	"Tuple{typeof(Base.sort!), Array{Integer, 1}, Int64, Int64, Base.Sort.InsertionSortAlg, Base.Order.ForwardOrdering}"
588299	"Tuple{typeof(Base.Sort.partition!), Array{Integer, 1}, Int64, Int64, Base.Order.ForwardOrdering}"
69601	"Tuple{typeof(Base.sort!), Array{Integer, 1}, Int64, Int64, Base.Sort.QuickSortAlg, Base.Order.ForwardOrdering}"
62500	"Tuple{typeof(Base.Sort.sort_chunks!), Array{Integer, 1}, Int64, Base.Sort.QuickSortAlg, Base.Order.ForwardOrdering}"
188300	"Tuple{typeof(Base._throw_dmrsa), Tuple{Int64, Int64, Int64}, Int64}"
106599	"Tuple{getfield(Base.Sort, Symbol("##sort#13")), Int64, Base.Sort.QuickSortAlg, Function, Function, Nothing, Base.Order.ForwardOrdering, Function, Array{Integer, 3}}"
809200	"Tuple{typeof(Base.isperm), Tuple{Int64, Int64, Int64}}"
822300	"Tuple{typeof(Base.checkdims_perm), Array{Integer, 3}, Array{Integer, 3}, Tuple{Int64, Int64, Int64}}"
281099	"Tuple{typeof(Base.permutedims!), Array{Integer, 3}, Array{Integer, 3}, Tuple{Int64, Int64, Int64}}"
52201	"Tuple{typeof(Base.permutedims), Array{Integer, 3}, Tuple{Int64, Int64, Int64}}"
196200	"Tuple{typeof(Base.vec), Array{Integer, 3}}"
81000	"Tuple{typeof(Base.Order.lt), Base.Order.ForwardOrdering, Int64, Int64}"
543101	"Tuple{typeof(Base.invperm), Array{Int64, 1}}"
37300	"Tuple{typeof(Base.invperm), Tuple{Int64, Int64, Int64}}"
179399	"Tuple{typeof(MatLang.flipM), String}"
426600	"Tuple{typeof(Base.vcat), Int64, Int64, Int64, Vararg{Int64, N} where N}"
241099	"Tuple{typeof(MatLang.flipM), Array{Int64, 1}}"
1713700	"Tuple{getfield(Base, Symbol("##reverse#169")), Int64, Function, Array{Int64, 1}}"
217500	"Tuple{typeof(MatLang.flipM), Array{Int64, 2}}"
1706901	"Tuple{typeof(Base.unsafe_copyto!), Array{Int64, 2}, Int64, Array{Int64, 2}, Int64, Int64}"
621999	"Tuple{getfield(Base, Symbol("##reverse#169")), Int64, Function, Array{Int64, 2}}"
191400	"Tuple{typeof(MatLang.flipM), Array{Int64, 2}, Int64}"
91699	"Tuple{typeof(Base.prod), Tuple{Int64}}"
648100	"Tuple{typeof(Base.rotl90), Array{Int64, 2}}"
694200	"Tuple{typeof(Base.rot180), Array{Int64, 2}}"
515400	"Tuple{typeof(Base.rotr90), Array{Int64, 2}}"
50500	"Tuple{typeof(Base.rotl90), Array{Int64, 2}, Int64}"
124801	"Tuple{typeof(MatLang.transposeM), Array{Int64, 2}}"
199700	"Tuple{typeof(MatLang.transposeM), Symbol, Array{Int64, 2}}"
1768100	"Tuple{typeof(Base.grow_to!), Array{Int64, 1}, Base.Generator{Base.Iterators.Filter{typeof(Base.last), Base.Iterators.Pairs{Int64, Bool, Base.OneTo{Int64}, Tuple{Bool, Bool, Bool}}}, typeof(Base.first)}, Int64}"
140800	"Tuple{typeof(Base.grow_to!), Array{Int64, 1}, Base.Generator{Base.Iterators.Filter{typeof(Base.last), Base.Iterators.Pairs{Int64, Bool, Base.OneTo{Int64}, Tuple{Bool, Bool, Bool}}}, typeof(Base.first)}}"
309400	"Tuple{typeof(MatLang.squeezeM), Array{Float64, 3}}"
143900	"Tuple{Type{NamedTuple{(:dims,), T} where T<:Tuple}, Tuple{Tuple{Int64}}}"
1135399	"Tuple{typeof(Base._dropdims), Array{Float64, 3}, Tuple{Int64}}"
38901	"Tuple{getfield(Base, Symbol("#kw##dropdims")), NamedTuple{(:dims,), Tuple{Tuple{Int64}}}, typeof(Base.dropdims), Array{Float64, 3}}"
7607300	"Tuple{typeof(Base._unsafe_setindex!), Base.IndexLinear, Array{Float64, 3}, Array{Int64, 1}, Base.Slice{Base.OneTo{Int64}}, Base.UnitRange{Int64}}"
158700	"Tuple{typeof(Base.throw_boundserror), Array{Float64, 3}, Tuple{Base.Slice{Base.OneTo{Int64}}, Base.UnitRange{Int64}}}"
201800	"Tuple{typeof(Base.setindex!), Array{Float64, 3}, Array{Int64, 1}, Function, Base.UnitRange{Int64}}"
154401	"Tuple{Type{NamedTuple{(:dims,), T} where T<:Tuple}, Tuple{Tuple{Int64, Int64}}}"
1233001	"Tuple{typeof(Base._dropdims), Array{Float64, 3}, Tuple{Int64, Int64}}"
41699	"Tuple{getfield(Base, Symbol("#kw##dropdims")), NamedTuple{(:dims,), Tuple{Tuple{Int64, Int64}}}, typeof(Base.dropdims), Array{Float64, 3}}"
652800	"Tuple{typeof(Base.:(==)), Array{Float64, 1}, Array{Int64, 1}}"
158500	"Tuple{typeof(Base.:(==)), Array{Float64, 1}, Array{Int64, 2}}"
97600	"Tuple{typeof(Base.Filesystem.joinpath), String, String, String, Vararg{String, N} where N}"
90399	"Tuple{typeof(MatLang.doubleM), Float64}"
91000	"Tuple{typeof(MatLang.singleM), Float64}"
131999	"Tuple{typeof(MatLang.int8M), Int64}"
135099	"Tuple{typeof(MatLang.int16M), Int64}"
122899	"Tuple{typeof(MatLang.int32M), Int64}"
82499	"Tuple{typeof(MatLang.int64M), Int64}"
128300	"Tuple{typeof(MatLang.uint8M), Int64}"
135200	"Tuple{typeof(MatLang.uint16M), Int64}"
155600	"Tuple{typeof(MatLang.uint32M), Int64}"
175400	"Tuple{typeof(MatLang.uint64M), Int64}"
